<?xml version="1.0" encoding="UTF-8"?>
<!-- Generated by org.testng.reporters.JUnitReportReporter -->
<testsuite skipped="0" hostname="vasii" name="script.TC2" tests="1" failures="0" timestamp="2023-01-16T10:37:04 IST" time="24.815" errors="0">
  <testcase name="TestCase2" time="24.815" classname="script.TC2"/>
  <system-out/>
</testsuite> <!-- script.TC2 -->
