<?xml version="1.0" encoding="UTF-8"?>
<!-- Generated by org.testng.reporters.JUnitReportReporter -->
<testsuite skipped="0" hostname="vasii" name="script.TC5" tests="1" failures="0" timestamp="2023-02-07T08:04:59 IST" time="53.442" errors="0">
  <testcase name="testcase5" time="53.442" classname="script.TC5"/>
  <system-out/>
</testsuite> <!-- script.TC5 -->
