<?xml version="1.0" encoding="UTF-8"?>
<!-- Generated by org.testng.reporters.JUnitReportReporter -->
<testsuite skipped="0" hostname="vasii" name="script.TC1" tests="1" failures="0" timestamp="2023-01-03T16:41:45 IST" time="22.547" errors="0">
  <testcase name="testcase1" time="22.547" classname="script.TC1"/>
  <system-out/>
</testsuite> <!-- script.TC1 -->
