<?xml version="1.0" encoding="UTF-8"?>
<!-- Generated by org.testng.reporters.JUnitReportReporter -->
<testsuite skipped="0" hostname="vasii" name="script.TC3" tests="1" failures="0" timestamp="2023-01-03T16:41:45 IST" time="33.046" errors="0">
  <testcase name="TestCase3" time="33.046" classname="script.TC3"/>
  <system-out/>
</testsuite> <!-- script.TC3 -->
