<?xml version="1.0" encoding="UTF-8"?>
<!-- Generated by org.testng.reporters.JUnitReportReporter -->
<testsuite skipped="0" hostname="vasii" name="script.TC1" tests="1" failures="0" timestamp="2023-02-05T19:50:05 IST" time="77.613" errors="0">
  <testcase name="testcase1" time="77.613" classname="script.TC1"/>
  <system-out/>
</testsuite> <!-- script.TC1 -->
